{"/Users/evestockstill/careerTrack/lab05Career/config/db.js": {"path":"/Users/evestockstill/careerTrack/lab05Career/config/db.js","statementMap":{"0":{"start":{"line":1,"column":17},"end":{"line":1,"column":36}},"1":{"start":{"line":3,"column":18},"end":{"line":11,"column":1}},"2":{"start":{"line":4,"column":15},"end":{"line":9,"column":4}},"3":{"start":{"line":10,"column":2},"end":{"line":10,"column":80}},"4":{"start":{"line":12,"column":0},"end":{"line":12,"column":27}}},"fnMap":{"0":{"name":"(anonymous_0)","decl":{"start":{"line":3,"column":18},"end":{"line":3,"column":19}},"loc":{"start":{"line":3,"column":30},"end":{"line":11,"column":1}},"line":3}},"branchMap":{},"s":{"0":1,"1":1,"2":1,"3":1,"4":1},"f":{"0":1},"b":{},"_coverageSchema":"43e27e138ebf9cfc5966b082cf9a028302ed4184","hash":"1af72cbbdf4b050c18cdc395cb670b2facd26494"}
,"/Users/evestockstill/careerTrack/lab05Career/lib/app.js": {"path":"/Users/evestockstill/careerTrack/lab05Career/lib/app.js","statementMap":{"0":{"start":{"line":1,"column":16},"end":{"line":1,"column":34}},"1":{"start":{"line":2,"column":12},"end":{"line":2,"column":21}},"2":{"start":{"line":3,"column":12},"end":{"line":3,"column":35}},"3":{"start":{"line":4,"column":0},"end":{"line":4,"column":24}},"4":{"start":{"line":6,"column":0},"end":{"line":11,"column":3}},"5":{"start":{"line":7,"column":2},"end":{"line":10,"column":35}},"6":{"start":{"line":9,"column":21},"end":{"line":9,"column":38}},"7":{"start":{"line":10,"column":18},"end":{"line":10,"column":34}},"8":{"start":{"line":12,"column":0},"end":{"line":22,"column":3}},"9":{"start":{"line":17,"column":22},"end":{"line":17,"column":30}},"10":{"start":{"line":18,"column":2},"end":{"line":21,"column":36}},"11":{"start":{"line":20,"column":24},"end":{"line":20,"column":44}},"12":{"start":{"line":21,"column":18},"end":{"line":21,"column":34}},"13":{"start":{"line":23,"column":0},"end":{"line":27,"column":3}},"14":{"start":{"line":24,"column":2},"end":{"line":26,"column":34}},"15":{"start":{"line":25,"column":21},"end":{"line":25,"column":40}},"16":{"start":{"line":26,"column":16},"end":{"line":26,"column":32}},"17":{"start":{"line":28,"column":0},"end":{"line":32,"column":3}},"18":{"start":{"line":29,"column":2},"end":{"line":31,"column":34}},"19":{"start":{"line":30,"column":22},"end":{"line":30,"column":42}},"20":{"start":{"line":31,"column":16},"end":{"line":31,"column":32}},"21":{"start":{"line":33,"column":0},"end":{"line":37,"column":3}},"22":{"start":{"line":34,"column":2},"end":{"line":36,"column":34}},"23":{"start":{"line":35,"column":21},"end":{"line":35,"column":40}},"24":{"start":{"line":36,"column":16},"end":{"line":36,"column":32}},"25":{"start":{"line":39,"column":0},"end":{"line":39,"column":21}}},"fnMap":{"0":{"name":"(anonymous_0)","decl":{"start":{"line":6,"column":17},"end":{"line":6,"column":18}},"loc":{"start":{"line":6,"column":31},"end":{"line":11,"column":1}},"line":6},"1":{"name":"(anonymous_1)","decl":{"start":{"line":9,"column":10},"end":{"line":9,"column":11}},"loc":{"start":{"line":9,"column":21},"end":{"line":9,"column":38}},"line":9},"2":{"name":"(anonymous_2)","decl":{"start":{"line":10,"column":11},"end":{"line":10,"column":12}},"loc":{"start":{"line":10,"column":18},"end":{"line":10,"column":34}},"line":10},"3":{"name":"(anonymous_3)","decl":{"start":{"line":12,"column":18},"end":{"line":12,"column":19}},"loc":{"start":{"line":12,"column":32},"end":{"line":22,"column":1}},"line":12},"4":{"name":"(anonymous_4)","decl":{"start":{"line":20,"column":10},"end":{"line":20,"column":11}},"loc":{"start":{"line":20,"column":24},"end":{"line":20,"column":44}},"line":20},"5":{"name":"(anonymous_5)","decl":{"start":{"line":21,"column":11},"end":{"line":21,"column":12}},"loc":{"start":{"line":21,"column":18},"end":{"line":21,"column":34}},"line":21},"6":{"name":"(anonymous_6)","decl":{"start":{"line":23,"column":17},"end":{"line":23,"column":18}},"loc":{"start":{"line":23,"column":31},"end":{"line":27,"column":1}},"line":23},"7":{"name":"(anonymous_7)","decl":{"start":{"line":25,"column":8},"end":{"line":25,"column":9}},"loc":{"start":{"line":25,"column":21},"end":{"line":25,"column":40}},"line":25},"8":{"name":"(anonymous_8)","decl":{"start":{"line":26,"column":9},"end":{"line":26,"column":10}},"loc":{"start":{"line":26,"column":16},"end":{"line":26,"column":32}},"line":26},"9":{"name":"(anonymous_9)","decl":{"start":{"line":28,"column":17},"end":{"line":28,"column":18}},"loc":{"start":{"line":28,"column":31},"end":{"line":32,"column":1}},"line":28},"10":{"name":"(anonymous_10)","decl":{"start":{"line":30,"column":8},"end":{"line":30,"column":9}},"loc":{"start":{"line":30,"column":22},"end":{"line":30,"column":42}},"line":30},"11":{"name":"(anonymous_11)","decl":{"start":{"line":31,"column":9},"end":{"line":31,"column":10}},"loc":{"start":{"line":31,"column":16},"end":{"line":31,"column":32}},"line":31},"12":{"name":"(anonymous_12)","decl":{"start":{"line":33,"column":20},"end":{"line":33,"column":21}},"loc":{"start":{"line":33,"column":34},"end":{"line":37,"column":1}},"line":33},"13":{"name":"(anonymous_13)","decl":{"start":{"line":35,"column":8},"end":{"line":35,"column":9}},"loc":{"start":{"line":35,"column":21},"end":{"line":35,"column":40}},"line":35},"14":{"name":"(anonymous_14)","decl":{"start":{"line":36,"column":9},"end":{"line":36,"column":10}},"loc":{"start":{"line":36,"column":16},"end":{"line":36,"column":32}},"line":36}},"branchMap":{},"s":{"0":1,"1":1,"2":1,"3":1,"4":1,"5":1,"6":1,"7":0,"8":1,"9":1,"10":1,"11":1,"12":0,"13":1,"14":0,"15":0,"16":0,"17":1,"18":0,"19":0,"20":0,"21":1,"22":0,"23":0,"24":0,"25":1},"f":{"0":1,"1":1,"2":0,"3":1,"4":1,"5":0,"6":0,"7":0,"8":0,"9":0,"10":0,"11":0,"12":0,"13":0,"14":0},"b":{},"_coverageSchema":"43e27e138ebf9cfc5966b082cf9a028302ed4184","hash":"6d7e90c4c71185847bd87c10dd2be7c27ebe6133"}
,"/Users/evestockstill/careerTrack/lab05Career/lib/models/Bar.js": {"path":"/Users/evestockstill/careerTrack/lab05Career/lib/models/Bar.js","statementMap":{"0":{"start":{"line":1,"column":17},"end":{"line":1,"column":36}},"1":{"start":{"line":3,"column":15},"end":{"line":24,"column":2}},"2":{"start":{"line":26,"column":0},"end":{"line":26,"column":47}}},"fnMap":{},"branchMap":{},"s":{"0":1,"1":1,"2":1},"f":{},"b":{},"_coverageSchema":"43e27e138ebf9cfc5966b082cf9a028302ed4184","hash":"3b868dfc482c8273909bcb83fa7ff0d2962991d3"}
}
