{"/Users/evestockstill/careerTrack/lab05Career/config/db.js": {"path":"/Users/evestockstill/careerTrack/lab05Career/config/db.js","statementMap":{"0":{"start":{"line":1,"column":17},"end":{"line":1,"column":36}},"1":{"start":{"line":3,"column":18},"end":{"line":11,"column":1}},"2":{"start":{"line":4,"column":15},"end":{"line":9,"column":4}},"3":{"start":{"line":10,"column":2},"end":{"line":10,"column":80}},"4":{"start":{"line":12,"column":0},"end":{"line":12,"column":27}}},"fnMap":{"0":{"name":"(anonymous_0)","decl":{"start":{"line":3,"column":18},"end":{"line":3,"column":19}},"loc":{"start":{"line":3,"column":30},"end":{"line":11,"column":1}},"line":3}},"branchMap":{},"s":{"0":1,"1":1,"2":1,"3":1,"4":1},"f":{"0":1},"b":{},"_coverageSchema":"43e27e138ebf9cfc5966b082cf9a028302ed4184","hash":"1af72cbbdf4b050c18cdc395cb670b2facd26494"}
,"/Users/evestockstill/careerTrack/lab05Career/lib/app.js": {"path":"/Users/evestockstill/careerTrack/lab05Career/lib/app.js","statementMap":{"0":{"start":{"line":1,"column":16},"end":{"line":1,"column":34}},"1":{"start":{"line":2,"column":12},"end":{"line":2,"column":21}},"2":{"start":{"line":3,"column":12},"end":{"line":3,"column":35}},"3":{"start":{"line":4,"column":0},"end":{"line":4,"column":24}},"4":{"start":{"line":5,"column":0},"end":{"line":10,"column":3}},"5":{"start":{"line":6,"column":2},"end":{"line":9,"column":35}},"6":{"start":{"line":8,"column":21},"end":{"line":8,"column":38}},"7":{"start":{"line":9,"column":18},"end":{"line":9,"column":34}},"8":{"start":{"line":11,"column":0},"end":{"line":21,"column":3}},"9":{"start":{"line":16,"column":22},"end":{"line":16,"column":30}},"10":{"start":{"line":17,"column":2},"end":{"line":20,"column":36}},"11":{"start":{"line":19,"column":24},"end":{"line":19,"column":44}},"12":{"start":{"line":20,"column":18},"end":{"line":20,"column":34}},"13":{"start":{"line":22,"column":0},"end":{"line":30,"column":3}},"14":{"start":{"line":25,"column":6},"end":{"line":25,"column":14}},"15":{"start":{"line":26,"column":2},"end":{"line":29,"column":35}},"16":{"start":{"line":28,"column":17},"end":{"line":28,"column":30}},"17":{"start":{"line":29,"column":18},"end":{"line":29,"column":34}},"18":{"start":{"line":31,"column":0},"end":{"line":39,"column":3}},"19":{"start":{"line":32,"column":2},"end":{"line":38,"column":36}},"20":{"start":{"line":37,"column":22},"end":{"line":37,"column":42}},"21":{"start":{"line":38,"column":18},"end":{"line":38,"column":34}},"22":{"start":{"line":40,"column":0},"end":{"line":46,"column":3}},"23":{"start":{"line":41,"column":2},"end":{"line":42,"column":36}},"24":{"start":{"line":43,"column":2},"end":{"line":45,"column":36}},"25":{"start":{"line":44,"column":22},"end":{"line":44,"column":42}},"26":{"start":{"line":45,"column":18},"end":{"line":45,"column":34}},"27":{"start":{"line":48,"column":0},"end":{"line":48,"column":21}}},"fnMap":{"0":{"name":"(anonymous_0)","decl":{"start":{"line":5,"column":17},"end":{"line":5,"column":18}},"loc":{"start":{"line":5,"column":31},"end":{"line":10,"column":1}},"line":5},"1":{"name":"(anonymous_1)","decl":{"start":{"line":8,"column":10},"end":{"line":8,"column":11}},"loc":{"start":{"line":8,"column":21},"end":{"line":8,"column":38}},"line":8},"2":{"name":"(anonymous_2)","decl":{"start":{"line":9,"column":11},"end":{"line":9,"column":12}},"loc":{"start":{"line":9,"column":18},"end":{"line":9,"column":34}},"line":9},"3":{"name":"(anonymous_3)","decl":{"start":{"line":11,"column":18},"end":{"line":11,"column":19}},"loc":{"start":{"line":11,"column":32},"end":{"line":21,"column":1}},"line":11},"4":{"name":"(anonymous_4)","decl":{"start":{"line":19,"column":10},"end":{"line":19,"column":11}},"loc":{"start":{"line":19,"column":24},"end":{"line":19,"column":44}},"line":19},"5":{"name":"(anonymous_5)","decl":{"start":{"line":20,"column":11},"end":{"line":20,"column":12}},"loc":{"start":{"line":20,"column":18},"end":{"line":20,"column":34}},"line":20},"6":{"name":"(anonymous_6)","decl":{"start":{"line":22,"column":21},"end":{"line":22,"column":22}},"loc":{"start":{"line":22,"column":35},"end":{"line":30,"column":1}},"line":22},"7":{"name":"(anonymous_7)","decl":{"start":{"line":28,"column":10},"end":{"line":28,"column":11}},"loc":{"start":{"line":28,"column":17},"end":{"line":28,"column":30}},"line":28},"8":{"name":"(anonymous_8)","decl":{"start":{"line":29,"column":11},"end":{"line":29,"column":12}},"loc":{"start":{"line":29,"column":18},"end":{"line":29,"column":34}},"line":29},"9":{"name":"(anonymous_9)","decl":{"start":{"line":31,"column":21},"end":{"line":31,"column":22}},"loc":{"start":{"line":31,"column":35},"end":{"line":39,"column":1}},"line":31},"10":{"name":"(anonymous_10)","decl":{"start":{"line":37,"column":8},"end":{"line":37,"column":9}},"loc":{"start":{"line":37,"column":22},"end":{"line":37,"column":42}},"line":37},"11":{"name":"(anonymous_11)","decl":{"start":{"line":38,"column":11},"end":{"line":38,"column":12}},"loc":{"start":{"line":38,"column":18},"end":{"line":38,"column":34}},"line":38},"12":{"name":"(anonymous_12)","decl":{"start":{"line":40,"column":24},"end":{"line":40,"column":25}},"loc":{"start":{"line":40,"column":38},"end":{"line":46,"column":1}},"line":40},"13":{"name":"(anonymous_13)","decl":{"start":{"line":44,"column":8},"end":{"line":44,"column":9}},"loc":{"start":{"line":44,"column":22},"end":{"line":44,"column":42}},"line":44},"14":{"name":"(anonymous_14)","decl":{"start":{"line":45,"column":11},"end":{"line":45,"column":12}},"loc":{"start":{"line":45,"column":18},"end":{"line":45,"column":34}},"line":45}},"branchMap":{},"s":{"0":1,"1":1,"2":1,"3":1,"4":1,"5":1,"6":1,"7":0,"8":1,"9":1,"10":1,"11":1,"12":0,"13":1,"14":0,"15":0,"16":0,"17":0,"18":1,"19":3,"20":0,"21":3,"22":1,"23":0,"24":0,"25":0,"26":0,"27":1},"f":{"0":1,"1":1,"2":0,"3":1,"4":1,"5":0,"6":0,"7":0,"8":0,"9":3,"10":0,"11":3,"12":0,"13":0,"14":0},"b":{},"_coverageSchema":"43e27e138ebf9cfc5966b082cf9a028302ed4184","hash":"19f52700410961a505f2798d3f66c5d12ae20317"}
,"/Users/evestockstill/careerTrack/lab05Career/lib/models/Bar.js": {"path":"/Users/evestockstill/careerTrack/lab05Career/lib/models/Bar.js","statementMap":{"0":{"start":{"line":1,"column":17},"end":{"line":1,"column":36}},"1":{"start":{"line":3,"column":15},"end":{"line":24,"column":2}},"2":{"start":{"line":26,"column":0},"end":{"line":26,"column":47}}},"fnMap":{},"branchMap":{},"s":{"0":2,"1":2,"2":2},"f":{},"b":{},"_coverageSchema":"43e27e138ebf9cfc5966b082cf9a028302ed4184","hash":"3b868dfc482c8273909bcb83fa7ff0d2962991d3"}
}
